# JRE version: OpenJDK Runtime Environment (17.0.6) (build 17.0.6+0-b2043.56-10027231)
# Java VM: OpenJDK 64-Bit Server VM (17.0.6+0-b2043.56-10027231, mixed mode, tiered, compressed oops, compressed class ptrs, g1 gc, windows-amd64)
GC Precious Log:
 CPUs: 12 total, 12 available
 Memory: 15722M
 Large Page Support: Disabled
 NUMA Support: Disabled
 Compressed Oops: Enabled (32-bit)
 Heap Region Size: 1M
 Heap Min Capacity: 8M
 Heap Initial Capacity: 246M
 Heap Max Capacity: 1536M
 Pre-touch: Disabled
 Parallel Workers: 10
 Concurrent Workers: 3
 Concurrent Refinement Workers: 10
 Periodic GC: Disabled
Heap:
 garbage-first heap   total 329728K, used 228009K [0x00000000a0000000, 0x0000000100000000)
  region size 1024K, 32 young (32768K), 11 survivors (11264K)
 Metaspace       used 108390K, committed 109632K, reserved 1146880K
  class space    used 14542K, committed 15104K, reserved 1048576K
GC Heap History (20 events):
Event: 27.939 GC heap before
{Heap before GC invocations=46 (full 0):
 garbage-first heap   total 219136K, used 177891K [0x00000000a0000000, 0x0000000100000000)
  region size 1024K, 37 young (37888K), 6 survivors (6144K)
 Metaspace       used 86329K, committed 87296K, reserved 1130496K
  class space    used 11654K, committed 12032K, reserved 1048576K
}
Event: 27.946 GC heap after
{Heap after GC invocations=47 (full 0):
 garbage-first heap   total 219136K, used 151759K [0x00000000a0000000, 0x0000000100000000)
  region size 1024K, 5 young (5120K), 5 survivors (5120K)
 Metaspace       used 86329K, committed 87296K, reserved 1130496K
  class space    used 11654K, committed 12032K, reserved 1048576K
}
Event: 28.547 GC heap before
{Heap before GC invocations=47 (full 0):
 garbage-first heap   total 219136K, used 179407K [0x00000000a0000000, 0x0000000100000000)
  region size 1024K, 33 young (33792K), 5 survivors (5120K)
 Metaspace       used 88298K, committed 89280K, reserved 1130496K
  class space    used 11919K, committed 12288K, reserved 1048576K
}
Event: 28.553 GC heap after
{Heap after GC invocations=48 (full 0):
 garbage-first heap   total 219136K, used 157160K [0x00000000a0000000, 0x0000000100000000)
  region size 1024K, 5 young (5120K), 5 survivors (5120K)
 Metaspace       used 88298K, committed 89280K, reserved 1130496K
  class space    used 11919K, committed 12288K, reserved 1048576K
}
Event: 29.156 GC heap before
{Heap before GC invocations=49 (full 0):
 garbage-first heap   total 268288K, used 203240K [0x00000000a0000000, 0x0000000100000000)
  region size 1024K, 29 young (29696K), 5 survivors (5120K)
 Metaspace       used 91267K, committed 92352K, reserved 1130496K
  class space    used 12310K, committed 12800K, reserved 1048576K
}
Event: 29.163 GC heap after
{Heap after GC invocations=50 (full 0):
 garbage-first heap   total 268288K, used 186048K [0x00000000a0000000, 0x0000000100000000)
  region size 1024K, 4 young (4096K), 4 survivors (4096K)
 Metaspace       used 91267K, committed 92352K, reserved 1130496K
  class space    used 12310K, committed 12800K, reserved 1048576K
}
Event: 29.352 GC heap before
{Heap before GC invocations=50 (full 0):
 garbage-first heap   total 268288K, used 195264K [0x00000000a0000000, 0x0000000100000000)
  region size 1024K, 13 young (13312K), 4 survivors (4096K)
 Metaspace       used 92676K, committed 93760K, reserved 1130496K
  class space    used 12493K, committed 12992K, reserved 1048576K
}
Event: 29.355 GC heap after
{Heap after GC invocations=51 (full 0):
 garbage-first heap   total 268288K, used 185494K [0x00000000a0000000, 0x0000000100000000)
  region size 1024K, 1 young (1024K), 1 survivors (1024K)
 Metaspace       used 92676K, committed 93760K, reserved 1130496K
  class space    used 12493K, committed 12992K, reserved 1048576K
}
Event: 29.816 GC heap before
{Heap before GC invocations=51 (full 0):
 garbage-first heap   total 268288K, used 221334K [0x00000000a0000000, 0x0000000100000000)
  region size 1024K, 36 young (36864K), 1 survivors (1024K)
 Metaspace       used 94004K, committed 95104K, reserved 1138688K
  class space    used 12685K, committed 13184K, reserved 1048576K
}
Event: 29.820 GC heap after
{Heap after GC invocations=52 (full 0):
 garbage-first heap   total 268288K, used 187828K [0x00000000a0000000, 0x0000000100000000)
  region size 1024K, 3 young (3072K), 3 survivors (3072K)
 Metaspace       used 94004K, committed 95104K, reserved 1138688K
  class space    used 12685K, committed 13184K, reserved 1048576K
}
Event: 30.609 GC heap before
{Heap before GC invocations=52 (full 0):
 garbage-first heap   total 268288K, used 222644K [0x00000000a0000000, 0x0000000100000000)
  region size 1024K, 38 young (38912K), 3 survivors (3072K)
 Metaspace       used 95243K, committed 96384K, reserved 1138688K
  class space    used 12850K, committed 13376K, reserved 1048576K
}
Event: 30.613 GC heap after
{Heap after GC invocations=53 (full 0):
 garbage-first heap   total 268288K, used 189610K [0x00000000a0000000, 0x0000000100000000)
  region size 1024K, 5 young (5120K), 5 survivors (5120K)
 Metaspace       used 95243K, committed 96384K, reserved 1138688K
  class space    used 12850K, committed 13376K, reserved 1048576K
}
Event: 30.847 GC heap before
{Heap before GC invocations=53 (full 0):
 garbage-first heap   total 268288K, used 201898K [0x00000000a0000000, 0x0000000100000000)
  region size 1024K, 18 young (18432K), 5 survivors (5120K)
 Metaspace       used 96108K, committed 97216K, reserved 1138688K
  class space    used 12948K, committed 13440K, reserved 1048576K
}
Event: 30.850 GC heap after
{Heap after GC invocations=54 (full 0):
 garbage-first heap   total 268288K, used 191107K [0x00000000a0000000, 0x0000000100000000)
  region size 1024K, 4 young (4096K), 4 survivors (4096K)
 Metaspace       used 96108K, committed 97216K, reserved 1138688K
  class space    used 12948K, committed 13440K, reserved 1048576K
}
Event: 31.627 GC heap before
{Heap before GC invocations=55 (full 0):
 garbage-first heap   total 329728K, used 227971K [0x00000000a0000000, 0x0000000100000000)
  region size 1024K, 39 young (39936K), 4 survivors (4096K)
 Metaspace       used 102232K, committed 103424K, reserved 1138688K
  class space    used 13738K, committed 14272K, reserved 1048576K
}
Event: 31.633 GC heap after
{Heap after GC invocations=56 (full 0):
 garbage-first heap   total 329728K, used 192773K [0x00000000a0000000, 0x0000000100000000)
  region size 1024K, 4 young (4096K), 4 survivors (4096K)
 Metaspace       used 102232K, committed 103424K, reserved 1138688K
  class space    used 13738K, committed 14272K, reserved 1048576K
}
Event: 31.831 GC heap before
{Heap before GC invocations=56 (full 0):
 garbage-first heap   total 329728K, used 205061K [0x00000000a0000000, 0x0000000100000000)
  region size 1024K, 16 young (16384K), 4 survivors (4096K)
 Metaspace       used 103209K, committed 104384K, reserved 1146880K
  class space    used 13864K, committed 14400K, reserved 1048576K
}
Event: 31.837 GC heap after
{Heap after GC invocations=57 (full 0):
 garbage-first heap   total 329728K, used 192714K [0x00000000a0000000, 0x0000000100000000)
  region size 1024K, 2 young (2048K), 2 survivors (2048K)
 Metaspace       used 103209K, committed 104384K, reserved 1146880K
  class space    used 13864K, committed 14400K, reserved 1048576K
}
Event: 33.255 GC heap before
{Heap before GC invocations=57 (full 0):
 garbage-first heap   total 329728K, used 274634K [0x00000000a0000000, 0x0000000100000000)
  region size 1024K, 82 young (83968K), 2 survivors (2048K)
 Metaspace       used 108228K, committed 109504K, reserved 1146880K
  class space    used 14528K, committed 15104K, reserved 1048576K
}
Event: 33.267 GC heap after
{Heap after GC invocations=58 (full 0):
 garbage-first heap   total 329728K, used 207529K [0x00000000a0000000, 0x0000000100000000)
  region size 1024K, 11 young (11264K), 11 survivors (11264K)
 Metaspace       used 108228K, committed 109504K, reserved 1146880K
  class space    used 14528K, committed 15104K, reserved 1048576K
}

